<?xml version="1.0" encoding="UTF-8"?>
<!-- Generated by org.testng.reporters.JUnitReportReporter -->
<testsuite skipped="0" hostname="AUY-LT-224" name="test.Test99GuruLogin" tests="1" failures="0" timestamp="2020-05-25T11:44:35 UYT" time="10.827" errors="0">
  <testcase name="test_Home_Page_Appear_Correct" time="10.827" classname="test.Test99GuruLogin"/>
  <system-out/>
</testsuite> <!-- test.Test99GuruLogin -->
