<?xml version="1.0" encoding="UTF-8"?>
<!-- Generated by org.testng.reporters.JUnitReportReporter -->
<testsuite skipped="0" hostname="AUY-LT-224" name="firsttestngpackage.FirstTestNGFile" tests="1" failures="0" timestamp="2020-05-22T12:04:51 UYT" time="15.405" errors="0">
  <testcase name="verifyHomepageTitle" time="15.405" classname="firsttestngpackage.FirstTestNGFile"/>
  <system-out/>
</testsuite> <!-- firsttestngpackage.FirstTestNGFile -->
