<?xml version="1.0" encoding="UTF-8"?>
<!-- Generated by org.testng.reporters.JUnitReportReporter -->
<testsuite skipped="0" hostname="AUY-LT-224" name="test.java.Test99GuruLogin" tests="1" failures="0" timestamp="2021-01-29T13:42:18 UYT" time="13.855" errors="0">
  <testcase name="test_Home_Page_Appear_Correct" time="13.855" classname="test.java.Test99GuruLogin"/>
  <system-out/>
</testsuite> <!-- test.java.Test99GuruLogin -->
