<?xml version="1.0" encoding="UTF-8"?>
<!-- Generated by org.testng.reporters.JUnitReportReporter -->
<testsuite skipped="0" hostname="AUY-LT-224" name="test.java.Test99GuruLoginWithPageFactory" tests="1" failures="0" timestamp="2021-01-28T18:55:01 UYT" time="10.909" errors="0">
  <testcase name="test_Home_Page_Appear_Correct" time="10.909" classname="test.java.Test99GuruLoginWithPageFactory"/>
  <system-out/>
</testsuite> <!-- test.java.Test99GuruLoginWithPageFactory -->
