<?xml version="1.0" encoding="UTF-8"?>
<!-- Generated by org.testng.reporters.JUnitReportReporter -->
<testsuite skipped="0" hostname="AUY-LT-224" name="test.java.Test99GuruLoginWithPageFactory" tests="1" failures="0" timestamp="2020-06-12T11:14:04 UYT" time="9.538" errors="0">
  <testcase name="test_Home_Page_Appear_Correct" time="9.538" classname="test.java.Test99GuruLoginWithPageFactory"/>
  <system-out/>
</testsuite> <!-- test.java.Test99GuruLoginWithPageFactory -->
